TN:
SF:javascript/languages.js
FN:9,languages
FN:17,(anonymous_1)
FNF:2
FNH:2
FNDA:1,languages
FNDA:3,(anonymous_1)
DA:10,1
DA:11,1
DA:13,1
DA:14,1
DA:15,1
DA:17,1
DA:18,3
DA:20,1
DA:23,1
LF:9
LH:9
BRF:0
BRH:0
end_of_record
TN:
SF:javascript/provincesAndTerritories.js
FN:10,provincesAndTerritories
FNF:1
FNH:1
FNDA:13,provincesAndTerritories
DA:11,13
DA:12,13
DA:13,1
DA:14,12
DA:15,1
DA:16,11
DA:17,1
DA:18,10
DA:19,1
DA:20,9
DA:21,1
DA:22,8
DA:23,1
DA:24,7
DA:25,1
DA:26,6
DA:27,1
DA:28,5
DA:29,1
DA:30,4
DA:31,1
DA:32,3
DA:33,1
DA:34,2
DA:35,1
DA:36,1
DA:37,1
DA:39,0
DA:42,13
DA:45,1
LF:30
LH:29
BRDA:12,0,0,1
BRDA:12,0,1,12
BRDA:14,1,0,1
BRDA:14,1,1,11
BRDA:16,2,0,1
BRDA:16,2,1,10
BRDA:18,3,0,1
BRDA:18,3,1,9
BRDA:20,4,0,1
BRDA:20,4,1,8
BRDA:22,5,0,1
BRDA:22,5,1,7
BRDA:24,6,0,1
BRDA:24,6,1,6
BRDA:26,7,0,1
BRDA:26,7,1,5
BRDA:28,8,0,1
BRDA:28,8,1,4
BRDA:30,9,0,1
BRDA:30,9,1,3
BRDA:32,10,0,1
BRDA:32,10,1,2
BRDA:34,11,0,1
BRDA:34,11,1,1
BRDA:36,12,0,1
BRDA:36,12,1,0
BRF:26
BRH:25
end_of_record
TN:
SF:javascript/speed.js
FN:1,speed
FNF:1
FNH:1
FNDA:2,speed
DA:2,2
DA:3,2
DA:5,2
DA:7,4
DA:8,3
DA:11,4
DA:13,4
DA:15,2
DA:18,1
LF:9
LH:9
BRF:0
BRH:0
end_of_record
